<?xml version="1.0" encoding="UTF-8"?>
<!-- Generated by org.testng.reporters.JUnitReportReporter -->
<testsuite hostname="Yash-j3vnpd23" failures="0" tests="1" name="com.swaglabstests.ProductFilterTest" time="4.535" errors="0" timestamp="2025-04-18T16:02:01 IST" skipped="0">
  <testcase classname="com.swaglabstests.ProductFilterTest" name="testProductFilterLowToHigh" time="4.535"/>
</testsuite> <!-- com.swaglabstests.ProductFilterTest -->
