<?xml version="1.0" encoding="UTF-8"?>
<!-- Generated by org.testng.reporters.JUnitReportReporter -->
<testsuite hostname="Yash-j3vnpd23" failures="0" tests="2" name="com.swaglabstests.LoginTest" time="6.584" errors="0" timestamp="2025-04-19T01:10:25 IST" skipped="0">
  <testcase classname="com.swaglabstests.LoginTest" name="testHomePageLoadAfterLogin" time="2.166"/>
  <testcase classname="com.swaglabstests.LoginTest" name="testHomePageLoadAfterLogin" time="4.418"/>
</testsuite> <!-- com.swaglabstests.LoginTest -->
